{"C:\\Users\\user\\Documents\\H8\\H8\\backend\\server.js": {"path":"C:\\Users\\user\\Documents\\H8\\H8\\backend\\server.js","statementMap":{"0":{"start":{"line":1,"column":16},"end":{"line":1,"column":34}},"1":{"start":{"line":2,"column":13},"end":{"line":2,"column":28}},"2":{"start":{"line":4,"column":12},"end":{"line":4,"column":21}},"3":{"start":{"line":6,"column":18},"end":{"line":8,"column":1}},"4":{"start":{"line":10,"column":0},"end":{"line":10,"column":27}},"5":{"start":{"line":12,"column":0},"end":{"line":12,"column":24}},"6":{"start":{"line":14,"column":0},"end":{"line":14,"column":48}},"7":{"start":{"line":16,"column":11},"end":{"line":16,"column":34}},"8":{"start":{"line":17,"column":13},"end":{"line":17,"column":20}},"9":{"start":{"line":29,"column":0},"end":{"line":29,"column":20}},"10":{"start":{"line":32,"column":2},"end":{"line":35,"column":5}},"11":{"start":{"line":37,"column":2},"end":{"line":40,"column":5}},"12":{"start":{"line":42,"column":2},"end":{"line":45,"column":5}},"13":{"start":{"line":48,"column":0},"end":{"line":57,"column":3}},"14":{"start":{"line":49,"column":2},"end":{"line":56,"column":3}},"15":{"start":{"line":51,"column":4},"end":{"line":51,"column":46}},"16":{"start":{"line":54,"column":4},"end":{"line":54,"column":35}},"17":{"start":{"line":55,"column":4},"end":{"line":55,"column":63}},"18":{"start":{"line":59,"column":0},"end":{"line":59,"column":41}},"19":{"start":{"line":60,"column":0},"end":{"line":60,"column":41}},"20":{"start":{"line":61,"column":0},"end":{"line":61,"column":44}},"21":{"start":{"line":67,"column":0},"end":{"line":67,"column":21}}},"fnMap":{"0":{"name":"initial","decl":{"start":{"line":31,"column":9},"end":{"line":31,"column":16}},"loc":{"start":{"line":31,"column":19},"end":{"line":46,"column":1}},"line":31},"1":{"name":"(anonymous_1)","decl":{"start":{"line":48,"column":13},"end":{"line":48,"column":14}},"loc":{"start":{"line":48,"column":33},"end":{"line":57,"column":1}},"line":48}},"branchMap":{},"s":{"0":2,"1":2,"2":2,"3":2,"4":2,"5":2,"6":2,"7":2,"8":2,"9":2,"10":0,"11":0,"12":0,"13":2,"14":0,"15":0,"16":0,"17":0,"18":2,"19":2,"20":2,"21":2},"f":{"0":0,"1":0},"b":{},"_coverageSchema":"1a1c01bbd47fc00a2c39e90264f33305004495a9","hash":"902bcecedc495f333432de9a46883cdeee6cb9cb"}
,"C:\\Users\\user\\Documents\\H8\\H8\\backend\\app\\config\\auth.config.js": {"path":"C:\\Users\\user\\Documents\\H8\\H8\\backend\\app\\config\\auth.config.js","statementMap":{"0":{"start":{"line":1,"column":0},"end":{"line":5,"column":2}}},"fnMap":{},"branchMap":{},"s":{"0":2},"f":{},"b":{},"_coverageSchema":"1a1c01bbd47fc00a2c39e90264f33305004495a9","hash":"d0e19d7de1a169c9ae4d5ff562bacf84aa78e124"}
,"C:\\Users\\user\\Documents\\H8\\H8\\backend\\app\\config\\db.config.js": {"path":"C:\\Users\\user\\Documents\\H8\\H8\\backend\\app\\config\\db.config.js","statementMap":{"0":{"start":{"line":1,"column":0},"end":{"line":13,"column":4}}},"fnMap":{},"branchMap":{},"s":{"0":2},"f":{},"b":{},"_coverageSchema":"1a1c01bbd47fc00a2c39e90264f33305004495a9","hash":"eb5a741c260f2a454ddae417a6a01b0213db150c"}
,"C:\\Users\\user\\Documents\\H8\\H8\\backend\\app\\controllers\\auth.controller.js": {"path":"C:\\Users\\user\\Documents\\H8\\H8\\backend\\app\\controllers\\auth.controller.js","statementMap":{"0":{"start":{"line":1,"column":11},"end":{"line":1,"column":31}},"1":{"start":{"line":2,"column":15},"end":{"line":2,"column":47}},"2":{"start":{"line":3,"column":63},"end":{"line":3,"column":65}},"3":{"start":{"line":6,"column":11},"end":{"line":6,"column":26}},"4":{"start":{"line":8,"column":10},"end":{"line":8,"column":33}},"5":{"start":{"line":9,"column":13},"end":{"line":9,"column":32}},"6":{"start":{"line":11,"column":0},"end":{"line":36,"column":2}},"7":{"start":{"line":12,"column":2},"end":{"line":35,"column":3}},"8":{"start":{"line":13,"column":17},"end":{"line":17,"column":6}},"9":{"start":{"line":19,"column":4},"end":{"line":30,"column":5}},"10":{"start":{"line":20,"column":20},"end":{"line":26,"column":8}},"11":{"start":{"line":27,"column":6},"end":{"line":27,"column":33}},"12":{"start":{"line":29,"column":6},"end":{"line":29,"column":31}},"13":{"start":{"line":32,"column":4},"end":{"line":32,"column":75}},"14":{"start":{"line":34,"column":4},"end":{"line":34,"column":51}},"15":{"start":{"line":38,"column":0},"end":{"line":82,"column":2}},"16":{"start":{"line":39,"column":2},"end":{"line":81,"column":3}},"17":{"start":{"line":40,"column":17},"end":{"line":44,"column":6}},"18":{"start":{"line":46,"column":4},"end":{"line":48,"column":5}},"19":{"start":{"line":47,"column":6},"end":{"line":47,"column":66}},"20":{"start":{"line":50,"column":28},"end":{"line":53,"column":5}},"21":{"start":{"line":55,"column":4},"end":{"line":60,"column":5}},"22":{"start":{"line":56,"column":6},"end":{"line":59,"column":9}},"23":{"start":{"line":62,"column":18},"end":{"line":64,"column":6}},"24":{"start":{"line":66,"column":25},"end":{"line":66,"column":61}},"25":{"start":{"line":68,"column":18},"end":{"line":68,"column":39}},"26":{"start":{"line":69,"column":24},"end":{"line":69,"column":76}},"27":{"start":{"line":69,"column":42},"end":{"line":69,"column":75}},"28":{"start":{"line":71,"column":4},"end":{"line":78,"column":7}},"29":{"start":{"line":80,"column":4},"end":{"line":80,"column":51}},"30":{"start":{"line":85,"column":0},"end":{"line":118,"column":2}},"31":{"start":{"line":86,"column":2},"end":{"line":117,"column":3}},"32":{"start":{"line":87,"column":43},"end":{"line":87,"column":51}},"33":{"start":{"line":89,"column":4},"end":{"line":91,"column":5}},"34":{"start":{"line":90,"column":6},"end":{"line":90,"column":77}},"35":{"start":{"line":93,"column":25},"end":{"line":93,"column":87}},"36":{"start":{"line":95,"column":4},"end":{"line":97,"column":5}},"37":{"start":{"line":96,"column":6},"end":{"line":96,"column":84}},"38":{"start":{"line":99,"column":4},"end":{"line":104,"column":5}},"39":{"start":{"line":100,"column":6},"end":{"line":100,"column":69}},"40":{"start":{"line":101,"column":6},"end":{"line":103,"column":9}},"41":{"start":{"line":106,"column":17},"end":{"line":106,"column":45}},"42":{"start":{"line":107,"column":27},"end":{"line":109,"column":6}},"43":{"start":{"line":111,"column":4},"end":{"line":114,"column":7}},"44":{"start":{"line":116,"column":4},"end":{"line":116,"column":58}}},"fnMap":{"0":{"name":"(anonymous_0)","decl":{"start":{"line":11,"column":17},"end":{"line":11,"column":18}},"loc":{"start":{"line":11,"column":37},"end":{"line":36,"column":1}},"line":11},"1":{"name":"(anonymous_1)","decl":{"start":{"line":38,"column":17},"end":{"line":38,"column":18}},"loc":{"start":{"line":38,"column":37},"end":{"line":82,"column":1}},"line":38},"2":{"name":"(anonymous_2)","decl":{"start":{"line":69,"column":34},"end":{"line":69,"column":35}},"loc":{"start":{"line":69,"column":42},"end":{"line":69,"column":75}},"line":69},"3":{"name":"(anonymous_3)","decl":{"start":{"line":85,"column":23},"end":{"line":85,"column":24}},"loc":{"start":{"line":85,"column":43},"end":{"line":118,"column":1}},"line":85}},"branchMap":{"0":{"loc":{"start":{"line":19,"column":4},"end":{"line":30,"column":5}},"type":"if","locations":[{"start":{"line":19,"column":4},"end":{"line":30,"column":5}},{"start":{"line":28,"column":11},"end":{"line":30,"column":5}}],"line":19},"1":{"loc":{"start":{"line":46,"column":4},"end":{"line":48,"column":5}},"type":"if","locations":[{"start":{"line":46,"column":4},"end":{"line":48,"column":5}},{"start":{},"end":{}}],"line":46},"2":{"loc":{"start":{"line":55,"column":4},"end":{"line":60,"column":5}},"type":"if","locations":[{"start":{"line":55,"column":4},"end":{"line":60,"column":5}},{"start":{},"end":{}}],"line":55},"3":{"loc":{"start":{"line":89,"column":4},"end":{"line":91,"column":5}},"type":"if","locations":[{"start":{"line":89,"column":4},"end":{"line":91,"column":5}},{"start":{},"end":{}}],"line":89},"4":{"loc":{"start":{"line":95,"column":4},"end":{"line":97,"column":5}},"type":"if","locations":[{"start":{"line":95,"column":4},"end":{"line":97,"column":5}},{"start":{},"end":{}}],"line":95},"5":{"loc":{"start":{"line":99,"column":4},"end":{"line":104,"column":5}},"type":"if","locations":[{"start":{"line":99,"column":4},"end":{"line":104,"column":5}},{"start":{},"end":{}}],"line":99}},"s":{"0":2,"1":2,"2":2,"3":2,"4":2,"5":2,"6":2,"7":1,"8":1,"9":1,"10":0,"11":0,"12":1,"13":1,"14":0,"15":2,"16":1,"17":1,"18":0,"19":0,"20":0,"21":0,"22":0,"23":0,"24":0,"25":0,"26":0,"27":0,"28":0,"29":1,"30":2,"31":0,"32":0,"33":0,"34":0,"35":0,"36":0,"37":0,"38":0,"39":0,"40":0,"41":0,"42":0,"43":0,"44":0},"f":{"0":1,"1":1,"2":0,"3":0},"b":{"0":[0,1],"1":[0,0],"2":[0,0],"3":[0,0],"4":[0,0],"5":[0,0]},"_coverageSchema":"1a1c01bbd47fc00a2c39e90264f33305004495a9","hash":"dc0ca93ceea8cb30621965b6b6dd4e84f2a31909"}
,"C:\\Users\\user\\Documents\\H8\\H8\\backend\\app\\controllers\\controller.js": {"path":"C:\\Users\\user\\Documents\\H8\\H8\\backend\\app\\controllers\\controller.js","statementMap":{"0":{"start":{"line":1,"column":11},"end":{"line":1,"column":31}},"1":{"start":{"line":2,"column":16},"end":{"line":2,"column":26}},"2":{"start":{"line":3,"column":15},"end":{"line":3,"column":24}},"3":{"start":{"line":4,"column":13},"end":{"line":4,"column":20}},"4":{"start":{"line":6,"column":11},"end":{"line":6,"column":26}},"5":{"start":{"line":8,"column":0},"end":{"line":32,"column":2}},"6":{"start":{"line":9,"column":2},"end":{"line":31,"column":3}},"7":{"start":{"line":10,"column":4},"end":{"line":14,"column":5}},"8":{"start":{"line":11,"column":6},"end":{"line":13,"column":9}},"9":{"start":{"line":16,"column":20},"end":{"line":23,"column":5}},"10":{"start":{"line":25,"column":17},"end":{"line":25,"column":46}},"11":{"start":{"line":26,"column":4},"end":{"line":26,"column":38}},"12":{"start":{"line":28,"column":4},"end":{"line":30,"column":7}},"13":{"start":{"line":35,"column":0},"end":{"line":48,"column":2}},"14":{"start":{"line":36,"column":2},"end":{"line":47,"column":3}},"15":{"start":{"line":37,"column":18},"end":{"line":37,"column":33}},"16":{"start":{"line":38,"column":22},"end":{"line":38,"column":76}},"17":{"start":{"line":40,"column":17},"end":{"line":40,"column":60}},"18":{"start":{"line":42,"column":4},"end":{"line":42,"column":31}},"19":{"start":{"line":44,"column":4},"end":{"line":46,"column":7}},"20":{"start":{"line":51,"column":0},"end":{"line":69,"column":2}},"21":{"start":{"line":52,"column":2},"end":{"line":68,"column":3}},"22":{"start":{"line":53,"column":15},"end":{"line":53,"column":28}},"23":{"start":{"line":55,"column":17},"end":{"line":55,"column":43}},"24":{"start":{"line":57,"column":4},"end":{"line":63,"column":5}},"25":{"start":{"line":58,"column":6},"end":{"line":58,"column":33}},"26":{"start":{"line":60,"column":6},"end":{"line":62,"column":9}},"27":{"start":{"line":65,"column":4},"end":{"line":67,"column":7}},"28":{"start":{"line":73,"column":0},"end":{"line":95,"column":2}},"29":{"start":{"line":74,"column":13},"end":{"line":74,"column":26}},"30":{"start":{"line":76,"column":2},"end":{"line":94,"column":3}},"31":{"start":{"line":77,"column":16},"end":{"line":79,"column":6}},"32":{"start":{"line":81,"column":4},"end":{"line":89,"column":5}},"33":{"start":{"line":82,"column":6},"end":{"line":84,"column":9}},"34":{"start":{"line":86,"column":6},"end":{"line":88,"column":9}},"35":{"start":{"line":91,"column":4},"end":{"line":93,"column":7}},"36":{"start":{"line":98,"column":0},"end":{"line":120,"column":2}},"37":{"start":{"line":99,"column":13},"end":{"line":99,"column":26}},"38":{"start":{"line":101,"column":2},"end":{"line":119,"column":3}},"39":{"start":{"line":102,"column":16},"end":{"line":104,"column":6}},"40":{"start":{"line":106,"column":4},"end":{"line":114,"column":5}},"41":{"start":{"line":107,"column":6},"end":{"line":109,"column":9}},"42":{"start":{"line":111,"column":6},"end":{"line":113,"column":9}},"43":{"start":{"line":116,"column":4},"end":{"line":118,"column":7}},"44":{"start":{"line":123,"column":0},"end":{"line":136,"column":2}},"45":{"start":{"line":124,"column":2},"end":{"line":135,"column":3}},"46":{"start":{"line":125,"column":17},"end":{"line":128,"column":6}},"47":{"start":{"line":130,"column":4},"end":{"line":130,"column":69}},"48":{"start":{"line":132,"column":4},"end":{"line":134,"column":7}},"49":{"start":{"line":138,"column":0},"end":{"line":171,"column":2}},"50":{"start":{"line":139,"column":2},"end":{"line":170,"column":3}},"51":{"start":{"line":140,"column":15},"end":{"line":140,"column":28}},"52":{"start":{"line":142,"column":17},"end":{"line":157,"column":6}},"53":{"start":{"line":159,"column":4},"end":{"line":165,"column":5}},"54":{"start":{"line":160,"column":6},"end":{"line":160,"column":33}},"55":{"start":{"line":162,"column":6},"end":{"line":164,"column":9}},"56":{"start":{"line":167,"column":4},"end":{"line":169,"column":7}}},"fnMap":{"0":{"name":"(anonymous_0)","decl":{"start":{"line":8,"column":17},"end":{"line":8,"column":18}},"loc":{"start":{"line":8,"column":37},"end":{"line":32,"column":1}},"line":8},"1":{"name":"(anonymous_1)","decl":{"start":{"line":35,"column":18},"end":{"line":35,"column":19}},"loc":{"start":{"line":35,"column":38},"end":{"line":48,"column":1}},"line":35},"2":{"name":"(anonymous_2)","decl":{"start":{"line":51,"column":18},"end":{"line":51,"column":19}},"loc":{"start":{"line":51,"column":38},"end":{"line":69,"column":1}},"line":51},"3":{"name":"(anonymous_3)","decl":{"start":{"line":73,"column":17},"end":{"line":73,"column":18}},"loc":{"start":{"line":73,"column":37},"end":{"line":95,"column":1}},"line":73},"4":{"name":"(anonymous_4)","decl":{"start":{"line":98,"column":17},"end":{"line":98,"column":18}},"loc":{"start":{"line":98,"column":37},"end":{"line":120,"column":1}},"line":98},"5":{"name":"(anonymous_5)","decl":{"start":{"line":123,"column":20},"end":{"line":123,"column":21}},"loc":{"start":{"line":123,"column":40},"end":{"line":136,"column":1}},"line":123},"6":{"name":"(anonymous_6)","decl":{"start":{"line":138,"column":25},"end":{"line":138,"column":26}},"loc":{"start":{"line":138,"column":45},"end":{"line":171,"column":1}},"line":138}},"branchMap":{"0":{"loc":{"start":{"line":10,"column":4},"end":{"line":14,"column":5}},"type":"if","locations":[{"start":{"line":10,"column":4},"end":{"line":14,"column":5}},{"start":{},"end":{}}],"line":10},"1":{"loc":{"start":{"line":29,"column":15},"end":{"line":29,"column":67}},"type":"binary-expr","locations":[{"start":{"line":29,"column":15},"end":{"line":29,"column":26}},{"start":{"line":29,"column":30},"end":{"line":29,"column":67}}],"line":29},"2":{"loc":{"start":{"line":38,"column":22},"end":{"line":38,"column":76}},"type":"cond-expr","locations":[{"start":{"line":38,"column":30},"end":{"line":38,"column":69}},{"start":{"line":38,"column":72},"end":{"line":38,"column":76}}],"line":38},"3":{"loc":{"start":{"line":45,"column":15},"end":{"line":45,"column":69}},"type":"binary-expr","locations":[{"start":{"line":45,"column":15},"end":{"line":45,"column":26}},{"start":{"line":45,"column":30},"end":{"line":45,"column":69}}],"line":45},"4":{"loc":{"start":{"line":57,"column":4},"end":{"line":63,"column":5}},"type":"if","locations":[{"start":{"line":57,"column":4},"end":{"line":63,"column":5}},{"start":{"line":59,"column":11},"end":{"line":63,"column":5}}],"line":57},"5":{"loc":{"start":{"line":81,"column":4},"end":{"line":89,"column":5}},"type":"if","locations":[{"start":{"line":81,"column":4},"end":{"line":89,"column":5}},{"start":{"line":85,"column":11},"end":{"line":89,"column":5}}],"line":81},"6":{"loc":{"start":{"line":106,"column":4},"end":{"line":114,"column":5}},"type":"if","locations":[{"start":{"line":106,"column":4},"end":{"line":114,"column":5}},{"start":{"line":110,"column":11},"end":{"line":114,"column":5}}],"line":106},"7":{"loc":{"start":{"line":133,"column":15},"end":{"line":133,"column":76}},"type":"binary-expr","locations":[{"start":{"line":133,"column":15},"end":{"line":133,"column":26}},{"start":{"line":133,"column":30},"end":{"line":133,"column":76}}],"line":133},"8":{"loc":{"start":{"line":159,"column":4},"end":{"line":165,"column":5}},"type":"if","locations":[{"start":{"line":159,"column":4},"end":{"line":165,"column":5}},{"start":{"line":161,"column":11},"end":{"line":165,"column":5}}],"line":159},"9":{"loc":{"start":{"line":168,"column":15},"end":{"line":168,"column":74}},"type":"binary-expr","locations":[{"start":{"line":168,"column":15},"end":{"line":168,"column":26}},{"start":{"line":168,"column":30},"end":{"line":168,"column":74}}],"line":168}},"s":{"0":2,"1":2,"2":2,"3":2,"4":2,"5":2,"6":2,"7":2,"8":1,"9":1,"10":1,"11":1,"12":0,"13":2,"14":0,"15":0,"16":0,"17":0,"18":0,"19":0,"20":2,"21":0,"22":0,"23":0,"24":0,"25":0,"26":0,"27":0,"28":2,"29":0,"30":0,"31":0,"32":0,"33":0,"34":0,"35":0,"36":2,"37":0,"38":0,"39":0,"40":0,"41":0,"42":0,"43":0,"44":2,"45":0,"46":0,"47":0,"48":0,"49":2,"50":1,"51":1,"52":1,"53":1,"54":0,"55":0,"56":1},"f":{"0":2,"1":0,"2":0,"3":0,"4":0,"5":0,"6":1},"b":{"0":[1,1],"1":[0,0],"2":[0,0],"3":[0,0],"4":[0,0],"5":[0,0],"6":[0,0],"7":[0,0],"8":[0,0],"9":[1,0]},"_coverageSchema":"1a1c01bbd47fc00a2c39e90264f33305004495a9","hash":"a366cdbef5be573d7545b2d6883b0a3f03527764"}
,"C:\\Users\\user\\Documents\\H8\\H8\\backend\\app\\controllers\\ulasan.js": {"path":"C:\\Users\\user\\Documents\\H8\\H8\\backend\\app\\controllers\\ulasan.js","statementMap":{"0":{"start":{"line":1,"column":11},"end":{"line":1,"column":31}},"1":{"start":{"line":2,"column":15},"end":{"line":2,"column":24}},"2":{"start":{"line":5,"column":11},"end":{"line":5,"column":26}},"3":{"start":{"line":7,"column":0},"end":{"line":32,"column":2}},"4":{"start":{"line":8,"column":2},"end":{"line":31,"column":3}},"5":{"start":{"line":9,"column":15},"end":{"line":9,"column":28}},"6":{"start":{"line":11,"column":4},"end":{"line":15,"column":5}},"7":{"start":{"line":12,"column":6},"end":{"line":14,"column":9}},"8":{"start":{"line":17,"column":19},"end":{"line":22,"column":5}},"9":{"start":{"line":24,"column":17},"end":{"line":24,"column":44}},"10":{"start":{"line":26,"column":4},"end":{"line":26,"column":31}},"11":{"start":{"line":28,"column":4},"end":{"line":30,"column":7}},"12":{"start":{"line":35,"column":0},"end":{"line":53,"column":2}},"13":{"start":{"line":36,"column":2},"end":{"line":52,"column":3}},"14":{"start":{"line":37,"column":15},"end":{"line":37,"column":28}},"15":{"start":{"line":39,"column":17},"end":{"line":39,"column":42}},"16":{"start":{"line":41,"column":4},"end":{"line":47,"column":5}},"17":{"start":{"line":42,"column":6},"end":{"line":42,"column":21}},"18":{"start":{"line":44,"column":6},"end":{"line":46,"column":9}},"19":{"start":{"line":49,"column":4},"end":{"line":51,"column":7}},"20":{"start":{"line":55,"column":0},"end":{"line":77,"column":2}},"21":{"start":{"line":56,"column":2},"end":{"line":76,"column":3}},"22":{"start":{"line":57,"column":15},"end":{"line":57,"column":28}},"23":{"start":{"line":59,"column":16},"end":{"line":61,"column":6}},"24":{"start":{"line":63,"column":4},"end":{"line":71,"column":5}},"25":{"start":{"line":64,"column":6},"end":{"line":66,"column":9}},"26":{"start":{"line":67,"column":11},"end":{"line":71,"column":5}},"27":{"start":{"line":68,"column":6},"end":{"line":70,"column":9}},"28":{"start":{"line":73,"column":4},"end":{"line":75,"column":7}},"29":{"start":{"line":81,"column":0},"end":{"line":103,"column":2}},"30":{"start":{"line":82,"column":2},"end":{"line":102,"column":3}},"31":{"start":{"line":83,"column":35},"end":{"line":83,"column":43}},"32":{"start":{"line":85,"column":16},"end":{"line":87,"column":6}},"33":{"start":{"line":89,"column":4},"end":{"line":97,"column":5}},"34":{"start":{"line":90,"column":6},"end":{"line":92,"column":9}},"35":{"start":{"line":94,"column":6},"end":{"line":96,"column":9}},"36":{"start":{"line":99,"column":4},"end":{"line":101,"column":7}},"37":{"start":{"line":107,"column":0},"end":{"line":119,"column":2}},"38":{"start":{"line":108,"column":2},"end":{"line":118,"column":3}},"39":{"start":{"line":109,"column":18},"end":{"line":109,"column":33}},"40":{"start":{"line":110,"column":22},"end":{"line":110,"column":76}},"41":{"start":{"line":112,"column":17},"end":{"line":112,"column":59}},"42":{"start":{"line":113,"column":4},"end":{"line":113,"column":19}},"43":{"start":{"line":115,"column":4},"end":{"line":117,"column":7}}},"fnMap":{"0":{"name":"(anonymous_0)","decl":{"start":{"line":7,"column":17},"end":{"line":7,"column":18}},"loc":{"start":{"line":7,"column":37},"end":{"line":32,"column":1}},"line":7},"1":{"name":"(anonymous_1)","decl":{"start":{"line":35,"column":18},"end":{"line":35,"column":19}},"loc":{"start":{"line":35,"column":38},"end":{"line":53,"column":1}},"line":35},"2":{"name":"(anonymous_2)","decl":{"start":{"line":55,"column":17},"end":{"line":55,"column":18}},"loc":{"start":{"line":55,"column":37},"end":{"line":77,"column":1}},"line":55},"3":{"name":"(anonymous_3)","decl":{"start":{"line":81,"column":17},"end":{"line":81,"column":18}},"loc":{"start":{"line":81,"column":37},"end":{"line":103,"column":1}},"line":81},"4":{"name":"(anonymous_4)","decl":{"start":{"line":107,"column":18},"end":{"line":107,"column":19}},"loc":{"start":{"line":107,"column":38},"end":{"line":119,"column":1}},"line":107}},"branchMap":{"0":{"loc":{"start":{"line":11,"column":4},"end":{"line":15,"column":5}},"type":"if","locations":[{"start":{"line":11,"column":4},"end":{"line":15,"column":5}},{"start":{},"end":{}}],"line":11},"1":{"loc":{"start":{"line":29,"column":15},"end":{"line":29,"column":67}},"type":"binary-expr","locations":[{"start":{"line":29,"column":15},"end":{"line":29,"column":26}},{"start":{"line":29,"column":30},"end":{"line":29,"column":67}}],"line":29},"2":{"loc":{"start":{"line":41,"column":4},"end":{"line":47,"column":5}},"type":"if","locations":[{"start":{"line":41,"column":4},"end":{"line":47,"column":5}},{"start":{"line":43,"column":11},"end":{"line":47,"column":5}}],"line":41},"3":{"loc":{"start":{"line":63,"column":4},"end":{"line":71,"column":5}},"type":"if","locations":[{"start":{"line":63,"column":4},"end":{"line":71,"column":5}},{"start":{"line":67,"column":11},"end":{"line":71,"column":5}}],"line":63},"4":{"loc":{"start":{"line":67,"column":11},"end":{"line":71,"column":5}},"type":"if","locations":[{"start":{"line":67,"column":11},"end":{"line":71,"column":5}},{"start":{},"end":{}}],"line":67},"5":{"loc":{"start":{"line":89,"column":4},"end":{"line":97,"column":5}},"type":"if","locations":[{"start":{"line":89,"column":4},"end":{"line":97,"column":5}},{"start":{"line":93,"column":11},"end":{"line":97,"column":5}}],"line":89},"6":{"loc":{"start":{"line":110,"column":22},"end":{"line":110,"column":76}},"type":"cond-expr","locations":[{"start":{"line":110,"column":30},"end":{"line":110,"column":69}},{"start":{"line":110,"column":72},"end":{"line":110,"column":76}}],"line":110},"7":{"loc":{"start":{"line":116,"column":15},"end":{"line":116,"column":69}},"type":"binary-expr","locations":[{"start":{"line":116,"column":15},"end":{"line":116,"column":26}},{"start":{"line":116,"column":30},"end":{"line":116,"column":69}}],"line":116}},"s":{"0":2,"1":2,"2":2,"3":2,"4":0,"5":0,"6":0,"7":0,"8":0,"9":0,"10":0,"11":0,"12":2,"13":0,"14":0,"15":0,"16":0,"17":0,"18":0,"19":0,"20":2,"21":0,"22":0,"23":0,"24":0,"25":0,"26":0,"27":0,"28":0,"29":2,"30":0,"31":0,"32":0,"33":0,"34":0,"35":0,"36":0,"37":2,"38":0,"39":0,"40":0,"41":0,"42":0,"43":0},"f":{"0":0,"1":0,"2":0,"3":0,"4":0},"b":{"0":[0,0],"1":[0,0],"2":[0,0],"3":[0,0],"4":[0,0],"5":[0,0],"6":[0,0],"7":[0,0]},"_coverageSchema":"1a1c01bbd47fc00a2c39e90264f33305004495a9","hash":"f7c4e03308e1e081ef5d88659f8c1cf3fd34255d"}
,"C:\\Users\\user\\Documents\\H8\\H8\\backend\\app\\controllers\\user.controller.js": {"path":"C:\\Users\\user\\Documents\\H8\\H8\\backend\\app\\controllers\\user.controller.js","statementMap":{"0":{"start":{"line":1,"column":11},"end":{"line":1,"column":31}},"1":{"start":{"line":2,"column":12},"end":{"line":2,"column":19}},"2":{"start":{"line":3,"column":15},"end":{"line":3,"column":24}},"3":{"start":{"line":4,"column":16},"end":{"line":4,"column":26}},"4":{"start":{"line":7,"column":0},"end":{"line":9,"column":4}},"5":{"start":{"line":8,"column":4},"end":{"line":8,"column":44}},"6":{"start":{"line":11,"column":2},"end":{"line":13,"column":4}},"7":{"start":{"line":12,"column":4},"end":{"line":12,"column":42}},"8":{"start":{"line":15,"column":2},"end":{"line":17,"column":4}},"9":{"start":{"line":16,"column":4},"end":{"line":16,"column":43}},"10":{"start":{"line":19,"column":2},"end":{"line":21,"column":4}},"11":{"start":{"line":20,"column":4},"end":{"line":20,"column":47}},"12":{"start":{"line":23,"column":2},"end":{"line":56,"column":4}},"13":{"start":{"line":24,"column":4},"end":{"line":55,"column":5}},"14":{"start":{"line":25,"column":17},"end":{"line":25,"column":30}},"15":{"start":{"line":27,"column":19},"end":{"line":42,"column":8}},"16":{"start":{"line":44,"column":6},"end":{"line":50,"column":7}},"17":{"start":{"line":45,"column":8},"end":{"line":45,"column":35}},"18":{"start":{"line":47,"column":8},"end":{"line":49,"column":11}},"19":{"start":{"line":52,"column":6},"end":{"line":54,"column":9}}},"fnMap":{"0":{"name":"(anonymous_0)","decl":{"start":{"line":7,"column":20},"end":{"line":7,"column":21}},"loc":{"start":{"line":7,"column":34},"end":{"line":9,"column":3}},"line":7},"1":{"name":"(anonymous_1)","decl":{"start":{"line":11,"column":22},"end":{"line":11,"column":23}},"loc":{"start":{"line":11,"column":36},"end":{"line":13,"column":3}},"line":11},"2":{"name":"(anonymous_2)","decl":{"start":{"line":15,"column":23},"end":{"line":15,"column":24}},"loc":{"start":{"line":15,"column":37},"end":{"line":17,"column":3}},"line":15},"3":{"name":"(anonymous_3)","decl":{"start":{"line":19,"column":27},"end":{"line":19,"column":28}},"loc":{"start":{"line":19,"column":41},"end":{"line":21,"column":3}},"line":19},"4":{"name":"(anonymous_4)","decl":{"start":{"line":23,"column":33},"end":{"line":23,"column":34}},"loc":{"start":{"line":23,"column":53},"end":{"line":56,"column":3}},"line":23}},"branchMap":{"0":{"loc":{"start":{"line":44,"column":6},"end":{"line":50,"column":7}},"type":"if","locations":[{"start":{"line":44,"column":6},"end":{"line":50,"column":7}},{"start":{"line":46,"column":13},"end":{"line":50,"column":7}}],"line":44},"1":{"loc":{"start":{"line":53,"column":17},"end":{"line":53,"column":76}},"type":"binary-expr","locations":[{"start":{"line":53,"column":17},"end":{"line":53,"column":28}},{"start":{"line":53,"column":32},"end":{"line":53,"column":76}}],"line":53}},"s":{"0":2,"1":2,"2":2,"3":2,"4":2,"5":0,"6":2,"7":0,"8":2,"9":0,"10":2,"11":0,"12":2,"13":0,"14":0,"15":0,"16":0,"17":0,"18":0,"19":0},"f":{"0":0,"1":0,"2":0,"3":0,"4":0},"b":{"0":[0,0],"1":[0,0]},"_coverageSchema":"1a1c01bbd47fc00a2c39e90264f33305004495a9","hash":"d91625fbd43f3a9a5c190edff62770387f532f71"}
,"C:\\Users\\user\\Documents\\H8\\H8\\backend\\app\\middleware\\authJwt.js": {"path":"C:\\Users\\user\\Documents\\H8\\H8\\backend\\app\\middleware\\authJwt.js","statementMap":{"0":{"start":{"line":1,"column":12},"end":{"line":1,"column":35}},"1":{"start":{"line":2,"column":15},"end":{"line":2,"column":50}},"2":{"start":{"line":3,"column":11},"end":{"line":3,"column":40}},"3":{"start":{"line":4,"column":13},"end":{"line":4,"column":20}},"4":{"start":{"line":7,"column":30},"end":{"line":7,"column":33}},"5":{"start":{"line":10,"column":19},"end":{"line":16,"column":1}},"6":{"start":{"line":11,"column":2},"end":{"line":13,"column":3}},"7":{"start":{"line":12,"column":4},"end":{"line":12,"column":88}},"8":{"start":{"line":15,"column":2},"end":{"line":15,"column":64}},"9":{"start":{"line":18,"column":20},"end":{"line":32,"column":1}},"10":{"start":{"line":19,"column":14},"end":{"line":19,"column":43}},"11":{"start":{"line":21,"column":2},"end":{"line":23,"column":3}},"12":{"start":{"line":22,"column":4},"end":{"line":22,"column":67}},"13":{"start":{"line":25,"column":2},"end":{"line":31,"column":5}},"14":{"start":{"line":26,"column":4},"end":{"line":28,"column":5}},"15":{"start":{"line":27,"column":6},"end":{"line":27,"column":34}},"16":{"start":{"line":29,"column":4},"end":{"line":29,"column":28}},"17":{"start":{"line":30,"column":4},"end":{"line":30,"column":11}},"18":{"start":{"line":34,"column":0},"end":{"line":50,"column":2}},"19":{"start":{"line":35,"column":2},"end":{"line":49,"column":5}},"20":{"start":{"line":36,"column":4},"end":{"line":48,"column":7}},"21":{"start":{"line":37,"column":6},"end":{"line":42,"column":7}},"22":{"start":{"line":37,"column":19},"end":{"line":37,"column":20}},"23":{"start":{"line":38,"column":8},"end":{"line":41,"column":9}},"24":{"start":{"line":39,"column":10},"end":{"line":39,"column":17}},"25":{"start":{"line":40,"column":10},"end":{"line":40,"column":17}},"26":{"start":{"line":44,"column":6},"end":{"line":46,"column":9}},"27":{"start":{"line":47,"column":6},"end":{"line":47,"column":13}},"28":{"start":{"line":52,"column":0},"end":{"line":67,"column":2}},"29":{"start":{"line":53,"column":2},"end":{"line":66,"column":5}},"30":{"start":{"line":54,"column":4},"end":{"line":65,"column":7}},"31":{"start":{"line":55,"column":6},"end":{"line":60,"column":7}},"32":{"start":{"line":55,"column":19},"end":{"line":55,"column":20}},"33":{"start":{"line":56,"column":8},"end":{"line":59,"column":9}},"34":{"start":{"line":57,"column":10},"end":{"line":57,"column":17}},"35":{"start":{"line":58,"column":10},"end":{"line":58,"column":17}},"36":{"start":{"line":62,"column":6},"end":{"line":64,"column":9}},"37":{"start":{"line":69,"column":0},"end":{"line":89,"column":2}},"38":{"start":{"line":70,"column":2},"end":{"line":88,"column":5}},"39":{"start":{"line":71,"column":4},"end":{"line":87,"column":7}},"40":{"start":{"line":72,"column":6},"end":{"line":82,"column":7}},"41":{"start":{"line":72,"column":19},"end":{"line":72,"column":20}},"42":{"start":{"line":73,"column":8},"end":{"line":76,"column":9}},"43":{"start":{"line":74,"column":10},"end":{"line":74,"column":17}},"44":{"start":{"line":75,"column":10},"end":{"line":75,"column":17}},"45":{"start":{"line":78,"column":8},"end":{"line":81,"column":9}},"46":{"start":{"line":79,"column":10},"end":{"line":79,"column":17}},"47":{"start":{"line":80,"column":10},"end":{"line":80,"column":17}},"48":{"start":{"line":84,"column":6},"end":{"line":86,"column":9}},"49":{"start":{"line":91,"column":16},"end":{"line":96,"column":1}},"50":{"start":{"line":97,"column":0},"end":{"line":97,"column":25}}},"fnMap":{"0":{"name":"(anonymous_0)","decl":{"start":{"line":10,"column":19},"end":{"line":10,"column":20}},"loc":{"start":{"line":10,"column":33},"end":{"line":16,"column":1}},"line":10},"1":{"name":"(anonymous_1)","decl":{"start":{"line":18,"column":20},"end":{"line":18,"column":21}},"loc":{"start":{"line":18,"column":40},"end":{"line":32,"column":1}},"line":18},"2":{"name":"(anonymous_2)","decl":{"start":{"line":25,"column":35},"end":{"line":25,"column":36}},"loc":{"start":{"line":25,"column":53},"end":{"line":31,"column":3}},"line":25},"3":{"name":"(anonymous_3)","decl":{"start":{"line":34,"column":10},"end":{"line":34,"column":11}},"loc":{"start":{"line":34,"column":30},"end":{"line":50,"column":1}},"line":34},"4":{"name":"(anonymous_4)","decl":{"start":{"line":35,"column":33},"end":{"line":35,"column":34}},"loc":{"start":{"line":35,"column":41},"end":{"line":49,"column":3}},"line":35},"5":{"name":"(anonymous_5)","decl":{"start":{"line":36,"column":25},"end":{"line":36,"column":26}},"loc":{"start":{"line":36,"column":34},"end":{"line":48,"column":5}},"line":36},"6":{"name":"(anonymous_6)","decl":{"start":{"line":52,"column":14},"end":{"line":52,"column":15}},"loc":{"start":{"line":52,"column":34},"end":{"line":67,"column":1}},"line":52},"7":{"name":"(anonymous_7)","decl":{"start":{"line":53,"column":33},"end":{"line":53,"column":34}},"loc":{"start":{"line":53,"column":41},"end":{"line":66,"column":3}},"line":53},"8":{"name":"(anonymous_8)","decl":{"start":{"line":54,"column":25},"end":{"line":54,"column":26}},"loc":{"start":{"line":54,"column":34},"end":{"line":65,"column":5}},"line":54},"9":{"name":"(anonymous_9)","decl":{"start":{"line":69,"column":21},"end":{"line":69,"column":22}},"loc":{"start":{"line":69,"column":41},"end":{"line":89,"column":1}},"line":69},"10":{"name":"(anonymous_10)","decl":{"start":{"line":70,"column":33},"end":{"line":70,"column":34}},"loc":{"start":{"line":70,"column":41},"end":{"line":88,"column":3}},"line":70},"11":{"name":"(anonymous_11)","decl":{"start":{"line":71,"column":25},"end":{"line":71,"column":26}},"loc":{"start":{"line":71,"column":34},"end":{"line":87,"column":5}},"line":71}},"branchMap":{"0":{"loc":{"start":{"line":11,"column":2},"end":{"line":13,"column":3}},"type":"if","locations":[{"start":{"line":11,"column":2},"end":{"line":13,"column":3}},{"start":{},"end":{}}],"line":11},"1":{"loc":{"start":{"line":21,"column":2},"end":{"line":23,"column":3}},"type":"if","locations":[{"start":{"line":21,"column":2},"end":{"line":23,"column":3}},{"start":{},"end":{}}],"line":21},"2":{"loc":{"start":{"line":26,"column":4},"end":{"line":28,"column":5}},"type":"if","locations":[{"start":{"line":26,"column":4},"end":{"line":28,"column":5}},{"start":{},"end":{}}],"line":26},"3":{"loc":{"start":{"line":38,"column":8},"end":{"line":41,"column":9}},"type":"if","locations":[{"start":{"line":38,"column":8},"end":{"line":41,"column":9}},{"start":{},"end":{}}],"line":38},"4":{"loc":{"start":{"line":56,"column":8},"end":{"line":59,"column":9}},"type":"if","locations":[{"start":{"line":56,"column":8},"end":{"line":59,"column":9}},{"start":{},"end":{}}],"line":56},"5":{"loc":{"start":{"line":73,"column":8},"end":{"line":76,"column":9}},"type":"if","locations":[{"start":{"line":73,"column":8},"end":{"line":76,"column":9}},{"start":{},"end":{}}],"line":73},"6":{"loc":{"start":{"line":78,"column":8},"end":{"line":81,"column":9}},"type":"if","locations":[{"start":{"line":78,"column":8},"end":{"line":81,"column":9}},{"start":{},"end":{}}],"line":78}},"s":{"0":2,"1":2,"2":2,"3":2,"4":2,"5":2,"6":0,"7":0,"8":0,"9":2,"10":0,"11":0,"12":0,"13":0,"14":0,"15":0,"16":0,"17":0,"18":2,"19":0,"20":0,"21":0,"22":0,"23":0,"24":0,"25":0,"26":0,"27":0,"28":2,"29":0,"30":0,"31":0,"32":0,"33":0,"34":0,"35":0,"36":0,"37":2,"38":0,"39":0,"40":0,"41":0,"42":0,"43":0,"44":0,"45":0,"46":0,"47":0,"48":0,"49":2,"50":2},"f":{"0":0,"1":0,"2":0,"3":0,"4":0,"5":0,"6":0,"7":0,"8":0,"9":0,"10":0,"11":0},"b":{"0":[0,0],"1":[0,0],"2":[0,0],"3":[0,0],"4":[0,0],"5":[0,0],"6":[0,0]},"_coverageSchema":"1a1c01bbd47fc00a2c39e90264f33305004495a9","hash":"0688749e2cd05d96dd8a7f779e0f2574162d1231"}
,"C:\\Users\\user\\Documents\\H8\\H8\\backend\\app\\middleware\\index.js": {"path":"C:\\Users\\user\\Documents\\H8\\H8\\backend\\app\\middleware\\index.js","statementMap":{"0":{"start":{"line":1,"column":21},"end":{"line":1,"column":46}},"1":{"start":{"line":2,"column":16},"end":{"line":2,"column":36}},"2":{"start":{"line":5,"column":0},"end":{"line":8,"column":2}}},"fnMap":{},"branchMap":{},"s":{"0":2,"1":2,"2":2},"f":{},"b":{},"_coverageSchema":"1a1c01bbd47fc00a2c39e90264f33305004495a9","hash":"30c882e636cc5537b9b4c4b9af93889604d7bc04"}
,"C:\\Users\\user\\Documents\\H8\\H8\\backend\\app\\middleware\\verifySignUp.js": {"path":"C:\\Users\\user\\Documents\\H8\\H8\\backend\\app\\middleware\\verifySignUp.js","statementMap":{"0":{"start":{"line":1,"column":11},"end":{"line":1,"column":31}},"1":{"start":{"line":2,"column":14},"end":{"line":2,"column":22}},"2":{"start":{"line":3,"column":13},"end":{"line":3,"column":20}},"3":{"start":{"line":5,"column":38},"end":{"line":37,"column":1}},"4":{"start":{"line":6,"column":2},"end":{"line":36,"column":3}},"5":{"start":{"line":7,"column":27},"end":{"line":11,"column":6}},"6":{"start":{"line":13,"column":4},"end":{"line":17,"column":5}},"7":{"start":{"line":14,"column":6},"end":{"line":16,"column":9}},"8":{"start":{"line":19,"column":24},"end":{"line":23,"column":6}},"9":{"start":{"line":25,"column":4},"end":{"line":29,"column":5}},"10":{"start":{"line":26,"column":6},"end":{"line":28,"column":9}},"11":{"start":{"line":31,"column":4},"end":{"line":31,"column":11}},"12":{"start":{"line":33,"column":4},"end":{"line":35,"column":7}},"13":{"start":{"line":39,"column":26},"end":{"line":57,"column":1}},"14":{"start":{"line":40,"column":2},"end":{"line":56,"column":3}},"15":{"start":{"line":41,"column":4},"end":{"line":49,"column":5}},"16":{"start":{"line":42,"column":6},"end":{"line":48,"column":7}},"17":{"start":{"line":42,"column":19},"end":{"line":42,"column":20}},"18":{"start":{"line":43,"column":8},"end":{"line":47,"column":9}},"19":{"start":{"line":44,"column":10},"end":{"line":46,"column":13}},"20":{"start":{"line":51,"column":4},"end":{"line":51,"column":11}},"21":{"start":{"line":53,"column":4},"end":{"line":55,"column":7}},"22":{"start":{"line":60,"column":21},"end":{"line":63,"column":1}},"23":{"start":{"line":65,"column":0},"end":{"line":65,"column":30}}},"fnMap":{"0":{"name":"(anonymous_0)","decl":{"start":{"line":5,"column":38},"end":{"line":5,"column":39}},"loc":{"start":{"line":5,"column":64},"end":{"line":37,"column":1}},"line":5},"1":{"name":"(anonymous_1)","decl":{"start":{"line":39,"column":26},"end":{"line":39,"column":27}},"loc":{"start":{"line":39,"column":46},"end":{"line":57,"column":1}},"line":39}},"branchMap":{"0":{"loc":{"start":{"line":13,"column":4},"end":{"line":17,"column":5}},"type":"if","locations":[{"start":{"line":13,"column":4},"end":{"line":17,"column":5}},{"start":{},"end":{}}],"line":13},"1":{"loc":{"start":{"line":25,"column":4},"end":{"line":29,"column":5}},"type":"if","locations":[{"start":{"line":25,"column":4},"end":{"line":29,"column":5}},{"start":{},"end":{}}],"line":25},"2":{"loc":{"start":{"line":34,"column":15},"end":{"line":34,"column":95}},"type":"binary-expr","locations":[{"start":{"line":34,"column":15},"end":{"line":34,"column":26}},{"start":{"line":34,"column":30},"end":{"line":34,"column":95}}],"line":34},"3":{"loc":{"start":{"line":41,"column":4},"end":{"line":49,"column":5}},"type":"if","locations":[{"start":{"line":41,"column":4},"end":{"line":49,"column":5}},{"start":{},"end":{}}],"line":41},"4":{"loc":{"start":{"line":43,"column":8},"end":{"line":47,"column":9}},"type":"if","locations":[{"start":{"line":43,"column":8},"end":{"line":47,"column":9}},{"start":{},"end":{}}],"line":43},"5":{"loc":{"start":{"line":54,"column":15},"end":{"line":54,"column":83}},"type":"binary-expr","locations":[{"start":{"line":54,"column":15},"end":{"line":54,"column":26}},{"start":{"line":54,"column":30},"end":{"line":54,"column":83}}],"line":54}},"s":{"0":2,"1":2,"2":2,"3":2,"4":1,"5":1,"6":1,"7":0,"8":1,"9":1,"10":0,"11":1,"12":0,"13":2,"14":1,"15":1,"16":0,"17":0,"18":0,"19":0,"20":1,"21":0,"22":2,"23":2},"f":{"0":1,"1":1},"b":{"0":[0,1],"1":[0,1],"2":[0,0],"3":[0,1],"4":[0,0],"5":[0,0]},"_coverageSchema":"1a1c01bbd47fc00a2c39e90264f33305004495a9","hash":"8e8344982becaf928bab5828760c3e21cd397868"}
,"C:\\Users\\user\\Documents\\H8\\H8\\backend\\app\\models\\index.js": {"path":"C:\\Users\\user\\Documents\\H8\\H8\\backend\\app\\models\\index.js","statementMap":{"0":{"start":{"line":1,"column":15},"end":{"line":1,"column":48}},"1":{"start":{"line":3,"column":18},"end":{"line":3,"column":38}},"2":{"start":{"line":4,"column":18},"end":{"line":18,"column":1}},"3":{"start":{"line":19,"column":11},"end":{"line":19,"column":13}},"4":{"start":{"line":21,"column":0},"end":{"line":21,"column":25}},"5":{"start":{"line":22,"column":0},"end":{"line":22,"column":25}},"6":{"start":{"line":24,"column":0},"end":{"line":24,"column":67}},"7":{"start":{"line":25,"column":0},"end":{"line":25,"column":67}},"8":{"start":{"line":26,"column":0},"end":{"line":26,"column":59}},"9":{"start":{"line":27,"column":0},"end":{"line":27,"column":57}},"10":{"start":{"line":28,"column":0},"end":{"line":28,"column":83}},"11":{"start":{"line":30,"column":0},"end":{"line":34,"column":3}},"12":{"start":{"line":36,"column":0},"end":{"line":40,"column":3}},"13":{"start":{"line":42,"column":0},"end":{"line":45,"column":3}},"14":{"start":{"line":47,"column":0},"end":{"line":50,"column":3}},"15":{"start":{"line":52,"column":0},"end":{"line":55,"column":3}},"16":{"start":{"line":57,"column":0},"end":{"line":60,"column":3}},"17":{"start":{"line":64,"column":0},"end":{"line":66,"column":3}},"18":{"start":{"line":68,"column":0},"end":{"line":70,"column":3}},"19":{"start":{"line":74,"column":0},"end":{"line":74,"column":42}},"20":{"start":{"line":76,"column":0},"end":{"line":76,"column":20}}},"fnMap":{},"branchMap":{},"s":{"0":2,"1":2,"2":2,"3":2,"4":2,"5":2,"6":2,"7":2,"8":2,"9":2,"10":2,"11":2,"12":2,"13":2,"14":2,"15":2,"16":2,"17":2,"18":2,"19":2,"20":2},"f":{},"b":{},"_coverageSchema":"1a1c01bbd47fc00a2c39e90264f33305004495a9","hash":"1d9843b82264cf885213ca8eb4f8890a31140486"}
,"C:\\Users\\user\\Documents\\H8\\H8\\backend\\app\\models\\layanan.js": {"path":"C:\\Users\\user\\Documents\\H8\\H8\\backend\\app\\models\\layanan.js","statementMap":{"0":{"start":{"line":1,"column":0},"end":{"line":27,"column":4}},"1":{"start":{"line":2,"column":20},"end":{"line":24,"column":6}},"2":{"start":{"line":26,"column":4},"end":{"line":26,"column":19}}},"fnMap":{"0":{"name":"(anonymous_0)","decl":{"start":{"line":1,"column":17},"end":{"line":1,"column":18}},"loc":{"start":{"line":1,"column":43},"end":{"line":27,"column":3}},"line":1}},"branchMap":{},"s":{"0":2,"1":2,"2":2},"f":{"0":2},"b":{},"_coverageSchema":"1a1c01bbd47fc00a2c39e90264f33305004495a9","hash":"4910a8053ff9a99db93b6fceb03af30926758c7a"}
,"C:\\Users\\user\\Documents\\H8\\H8\\backend\\app\\models\\refreshToken.model.js": {"path":"C:\\Users\\user\\Documents\\H8\\H8\\backend\\app\\models\\refreshToken.model.js","statementMap":{"0":{"start":{"line":1,"column":15},"end":{"line":1,"column":47}},"1":{"start":{"line":2,"column":23},"end":{"line":2,"column":38}},"2":{"start":{"line":4,"column":0},"end":{"line":35,"column":2}},"3":{"start":{"line":5,"column":23},"end":{"line":12,"column":4}},"4":{"start":{"line":14,"column":2},"end":{"line":28,"column":4}},"5":{"start":{"line":15,"column":20},"end":{"line":15,"column":30}},"6":{"start":{"line":17,"column":4},"end":{"line":17,"column":79}},"7":{"start":{"line":19,"column":17},"end":{"line":19,"column":25}},"8":{"start":{"line":21,"column":23},"end":{"line":25,"column":6}},"9":{"start":{"line":27,"column":4},"end":{"line":27,"column":30}},"10":{"start":{"line":30,"column":2},"end":{"line":32,"column":4}},"11":{"start":{"line":31,"column":4},"end":{"line":31,"column":61}},"12":{"start":{"line":34,"column":2},"end":{"line":34,"column":22}}},"fnMap":{"0":{"name":"(anonymous_0)","decl":{"start":{"line":4,"column":17},"end":{"line":4,"column":18}},"loc":{"start":{"line":4,"column":43},"end":{"line":35,"column":1}},"line":4},"1":{"name":"(anonymous_1)","decl":{"start":{"line":14,"column":29},"end":{"line":14,"column":30}},"loc":{"start":{"line":14,"column":51},"end":{"line":28,"column":3}},"line":14},"2":{"name":"(anonymous_2)","decl":{"start":{"line":30,"column":34},"end":{"line":30,"column":35}},"loc":{"start":{"line":30,"column":45},"end":{"line":32,"column":3}},"line":30}},"branchMap":{},"s":{"0":2,"1":2,"2":2,"3":2,"4":2,"5":0,"6":0,"7":0,"8":0,"9":0,"10":2,"11":0,"12":2},"f":{"0":2,"1":0,"2":0},"b":{},"_coverageSchema":"1a1c01bbd47fc00a2c39e90264f33305004495a9","hash":"e7f03b2bb3ec977f8e4af887a043a56a0372cf5b"}
,"C:\\Users\\user\\Documents\\H8\\H8\\backend\\app\\models\\role.model.js": {"path":"C:\\Users\\user\\Documents\\H8\\H8\\backend\\app\\models\\role.model.js","statementMap":{"0":{"start":{"line":1,"column":0},"end":{"line":13,"column":4}},"1":{"start":{"line":2,"column":17},"end":{"line":10,"column":6}},"2":{"start":{"line":12,"column":4},"end":{"line":12,"column":16}}},"fnMap":{"0":{"name":"(anonymous_0)","decl":{"start":{"line":1,"column":17},"end":{"line":1,"column":18}},"loc":{"start":{"line":1,"column":43},"end":{"line":13,"column":3}},"line":1}},"branchMap":{},"s":{"0":2,"1":2,"2":2},"f":{"0":2},"b":{},"_coverageSchema":"1a1c01bbd47fc00a2c39e90264f33305004495a9","hash":"daf3e51e9bd3604ba9e07720b3340adf22926f9f"}
,"C:\\Users\\user\\Documents\\H8\\H8\\backend\\app\\models\\ulasan.js": {"path":"C:\\Users\\user\\Documents\\H8\\H8\\backend\\app\\models\\ulasan.js","statementMap":{"0":{"start":{"line":1,"column":0},"end":{"line":12,"column":4}},"1":{"start":{"line":2,"column":19},"end":{"line":9,"column":6}},"2":{"start":{"line":11,"column":4},"end":{"line":11,"column":18}}},"fnMap":{"0":{"name":"(anonymous_0)","decl":{"start":{"line":1,"column":17},"end":{"line":1,"column":18}},"loc":{"start":{"line":1,"column":43},"end":{"line":12,"column":3}},"line":1}},"branchMap":{},"s":{"0":2,"1":2,"2":2},"f":{"0":2},"b":{},"_coverageSchema":"1a1c01bbd47fc00a2c39e90264f33305004495a9","hash":"ffdd3cd6ac92e31b84f99ddf0afc7ad3757d92d0"}
,"C:\\Users\\user\\Documents\\H8\\H8\\backend\\app\\models\\user.model.js": {"path":"C:\\Users\\user\\Documents\\H8\\H8\\backend\\app\\models\\user.model.js","statementMap":{"0":{"start":{"line":1,"column":0},"end":{"line":18,"column":4}},"1":{"start":{"line":2,"column":17},"end":{"line":15,"column":6}},"2":{"start":{"line":17,"column":4},"end":{"line":17,"column":16}}},"fnMap":{"0":{"name":"(anonymous_0)","decl":{"start":{"line":1,"column":17},"end":{"line":1,"column":18}},"loc":{"start":{"line":1,"column":43},"end":{"line":18,"column":3}},"line":1}},"branchMap":{},"s":{"0":2,"1":2,"2":2},"f":{"0":2},"b":{},"_coverageSchema":"1a1c01bbd47fc00a2c39e90264f33305004495a9","hash":"60675ac837ee101b43ca833a6e16e667eb5eecca"}
,"C:\\Users\\user\\Documents\\H8\\H8\\backend\\app\\routes\\auth.routes.js": {"path":"C:\\Users\\user\\Documents\\H8\\H8\\backend\\app\\routes\\auth.routes.js","statementMap":{"0":{"start":{"line":1,"column":25},"end":{"line":1,"column":49}},"1":{"start":{"line":2,"column":19},"end":{"line":2,"column":60}},"2":{"start":{"line":4,"column":0},"end":{"line":24,"column":2}},"3":{"start":{"line":5,"column":2},"end":{"line":11,"column":5}},"4":{"start":{"line":6,"column":4},"end":{"line":9,"column":6}},"5":{"start":{"line":10,"column":4},"end":{"line":10,"column":11}},"6":{"start":{"line":13,"column":2},"end":{"line":20,"column":4}},"7":{"start":{"line":22,"column":2},"end":{"line":22,"column":50}},"8":{"start":{"line":23,"column":2},"end":{"line":23,"column":61}}},"fnMap":{"0":{"name":"(anonymous_0)","decl":{"start":{"line":4,"column":17},"end":{"line":4,"column":18}},"loc":{"start":{"line":4,"column":31},"end":{"line":24,"column":1}},"line":4},"1":{"name":"(anonymous_1)","decl":{"start":{"line":5,"column":10},"end":{"line":5,"column":11}},"loc":{"start":{"line":5,"column":35},"end":{"line":11,"column":3}},"line":5}},"branchMap":{},"s":{"0":2,"1":2,"2":2,"3":2,"4":5,"5":5,"6":2,"7":2,"8":2},"f":{"0":2,"1":5},"b":{},"_coverageSchema":"1a1c01bbd47fc00a2c39e90264f33305004495a9","hash":"2c96ba4013df703771d7faf06b9bdcbe5aa41fef"}
,"C:\\Users\\user\\Documents\\H8\\H8\\backend\\app\\routes\\layanan.router.js": {"path":"C:\\Users\\user\\Documents\\H8\\H8\\backend\\app\\routes\\layanan.router.js","statementMap":{"0":{"start":{"line":1,"column":0},"end":{"line":31,"column":4}},"1":{"start":{"line":2,"column":17},"end":{"line":2,"column":56}},"2":{"start":{"line":3,"column":17},"end":{"line":3,"column":52}},"3":{"start":{"line":4,"column":16},"end":{"line":4,"column":60}},"4":{"start":{"line":7,"column":17},"end":{"line":7,"column":44}},"5":{"start":{"line":9,"column":4},"end":{"line":9,"column":34}},"6":{"start":{"line":12,"column":4},"end":{"line":12,"column":44}},"7":{"start":{"line":15,"column":4},"end":{"line":15,"column":58}},"8":{"start":{"line":18,"column":4},"end":{"line":18,"column":34}},"9":{"start":{"line":20,"column":4},"end":{"line":20,"column":36}},"10":{"start":{"line":23,"column":4},"end":{"line":23,"column":36}},"11":{"start":{"line":25,"column":4},"end":{"line":25,"column":44}},"12":{"start":{"line":27,"column":4},"end":{"line":27,"column":39}},"13":{"start":{"line":30,"column":4},"end":{"line":30,"column":33}}},"fnMap":{"0":{"name":"(anonymous_0)","decl":{"start":{"line":1,"column":17},"end":{"line":1,"column":18}},"loc":{"start":{"line":1,"column":24},"end":{"line":31,"column":3}},"line":1}},"branchMap":{},"s":{"0":2,"1":2,"2":2,"3":2,"4":2,"5":2,"6":2,"7":2,"8":2,"9":2,"10":2,"11":2,"12":2,"13":2},"f":{"0":2},"b":{},"_coverageSchema":"1a1c01bbd47fc00a2c39e90264f33305004495a9","hash":"f15fb2f33df5319b2ee80ee4e9e236515350ccf8"}
,"C:\\Users\\user\\Documents\\H8\\H8\\backend\\app\\routes\\user.routes.js": {"path":"C:\\Users\\user\\Documents\\H8\\H8\\backend\\app\\routes\\user.routes.js","statementMap":{"0":{"start":{"line":1,"column":20},"end":{"line":1,"column":44}},"1":{"start":{"line":2,"column":19},"end":{"line":2,"column":60}},"2":{"start":{"line":4,"column":0},"end":{"line":32,"column":2}},"3":{"start":{"line":5,"column":2},"end":{"line":11,"column":5}},"4":{"start":{"line":6,"column":4},"end":{"line":9,"column":6}},"5":{"start":{"line":10,"column":4},"end":{"line":10,"column":11}},"6":{"start":{"line":13,"column":2},"end":{"line":13,"column":49}},"7":{"start":{"line":15,"column":2},"end":{"line":19,"column":4}},"8":{"start":{"line":21,"column":2},"end":{"line":25,"column":4}},"9":{"start":{"line":27,"column":2},"end":{"line":31,"column":4}}},"fnMap":{"0":{"name":"(anonymous_0)","decl":{"start":{"line":4,"column":17},"end":{"line":4,"column":18}},"loc":{"start":{"line":4,"column":31},"end":{"line":32,"column":1}},"line":4},"1":{"name":"(anonymous_1)","decl":{"start":{"line":5,"column":10},"end":{"line":5,"column":11}},"loc":{"start":{"line":5,"column":35},"end":{"line":11,"column":3}},"line":5}},"branchMap":{},"s":{"0":2,"1":2,"2":2,"3":2,"4":3,"5":3,"6":2,"7":2,"8":2,"9":2},"f":{"0":2,"1":3},"b":{},"_coverageSchema":"1a1c01bbd47fc00a2c39e90264f33305004495a9","hash":"139852c10c9be7b2d701d991395b6fc8b14578e2"}
}
