TN:
SF:server.js
FN:31,initial
FN:59,(anonymous_1)
FNF:2
FNH:1
FNDA:0,initial
FNDA:1,(anonymous_1)
DA:1,4
DA:2,4
DA:4,4
DA:6,4
DA:10,4
DA:12,4
DA:14,4
DA:16,4
DA:17,4
DA:29,4
DA:32,0
DA:37,0
DA:42,0
DA:52,4
DA:53,4
DA:54,4
DA:58,4
DA:59,4
DA:62,4
LF:19
LH:16
BRDA:58,0,0,4
BRDA:58,0,1,4
BRF:2
BRH:2
end_of_record
TN:
SF:app\config\auth.config.js
FNF:0
FNH:0
DA:1,5
LF:1
LH:1
BRF:0
BRH:0
end_of_record
TN:
SF:app\config\db.config.js
FNF:0
FNH:0
DA:1,5
LF:1
LH:1
BRF:0
BRH:0
end_of_record
TN:
SF:app\controllers\auth.controller.js
FN:11,(anonymous_0)
FN:38,(anonymous_1)
FN:69,(anonymous_2)
FN:85,(anonymous_3)
FNF:4
FNH:2
FNDA:0,(anonymous_0)
FNDA:4,(anonymous_1)
FNDA:1,(anonymous_2)
FNDA:0,(anonymous_3)
DA:1,4
DA:2,4
DA:3,4
DA:6,4
DA:8,4
DA:9,4
DA:11,4
DA:12,0
DA:13,0
DA:19,0
DA:20,0
DA:27,0
DA:29,0
DA:32,0
DA:34,0
DA:38,4
DA:39,4
DA:40,4
DA:46,4
DA:47,1
DA:50,3
DA:55,2
DA:56,1
DA:62,1
DA:66,1
DA:68,1
DA:69,1
DA:71,1
DA:80,1
DA:85,4
DA:86,0
DA:87,0
DA:89,0
DA:90,0
DA:93,0
DA:95,0
DA:96,0
DA:99,0
DA:100,0
DA:101,0
DA:106,0
DA:107,0
DA:111,0
DA:116,0
LF:44
LH:22
BRDA:19,0,0,0
BRDA:19,0,1,0
BRDA:46,1,0,1
BRDA:46,1,1,3
BRDA:55,2,0,1
BRDA:55,2,1,1
BRDA:89,3,0,0
BRDA:89,3,1,0
BRDA:95,4,0,0
BRDA:95,4,1,0
BRDA:99,5,0,0
BRDA:99,5,1,0
BRF:12
BRH:4
end_of_record
TN:
SF:app\controllers\controller.js
FN:8,(anonymous_0)
FN:35,(anonymous_1)
FN:70,(anonymous_2)
FN:96,(anonymous_3)
FNF:4
FNH:4
FNDA:2,(anonymous_0)
FNDA:2,(anonymous_1)
FNDA:3,(anonymous_2)
FNDA:3,(anonymous_3)
DA:1,4
DA:2,4
DA:3,4
DA:4,4
DA:6,4
DA:8,4
DA:9,2
DA:10,2
DA:11,1
DA:16,1
DA:25,1
DA:26,1
DA:28,0
DA:35,4
DA:36,2
DA:37,2
DA:38,2
DA:39,2
DA:40,2
DA:42,2
DA:44,2
DA:50,2
DA:52,2
DA:58,0
DA:70,4
DA:71,3
DA:73,3
DA:74,3
DA:78,2
DA:79,0
DA:83,2
DA:88,1
DA:96,4
DA:97,3
DA:98,3
DA:100,3
DA:117,2
DA:118,1
DA:123,1
DA:125,1
LF:40
LH:37
BRDA:10,0,0,1
BRDA:10,0,1,1
BRDA:29,1,0,0
BRDA:29,1,1,0
BRDA:38,2,0,2
BRDA:38,2,1,2
BRDA:42,3,0,0
BRDA:42,3,1,2
BRDA:42,4,0,0
BRDA:42,4,1,2
BRDA:42,5,0,0
BRDA:42,5,1,2
BRDA:59,6,0,0
BRDA:59,6,1,0
BRDA:78,7,0,0
BRDA:78,7,1,2
BRDA:117,8,0,1
BRDA:117,8,1,1
BRDA:126,9,0,1
BRDA:126,9,1,0
BRF:20
BRH:11
end_of_record
TN:
SF:app\controllers\ulasan.js
FN:7,(anonymous_0)
FN:39,(anonymous_1)
FN:76,(anonymous_2)
FN:103,(anonymous_3)
FN:106,(anonymous_4)
FN:117,(anonymous_5)
FNF:6
FNH:3
FNDA:3,(anonymous_0)
FNDA:4,(anonymous_1)
FNDA:3,(anonymous_2)
FNDA:0,(anonymous_3)
FNDA:0,(anonymous_4)
FNDA:0,(anonymous_5)
DA:1,4
DA:2,4
DA:3,4
DA:4,4
DA:5,4
DA:7,4
DA:8,3
DA:9,3
DA:11,3
DA:12,1
DA:17,2
DA:19,2
DA:27,2
DA:29,1
DA:31,1
DA:39,4
DA:40,4
DA:41,4
DA:43,4
DA:44,1
DA:49,3
DA:51,3
DA:52,3
DA:57,2
DA:58,1
DA:62,1
DA:67,1
DA:76,4
DA:77,3
DA:78,3
DA:80,3
DA:85,2
DA:86,0
DA:90,2
DA:95,1
DA:102,4
DA:104,0
DA:107,0
DA:114,4
DA:118,0
DA:119,0
DA:120,0
DA:122,0
DA:123,0
DA:125,0
LF:45
LH:36
BRDA:11,0,0,1
BRDA:11,0,1,2
BRDA:24,1,0,2
BRDA:24,1,1,2
BRDA:32,2,0,1
BRDA:32,2,1,0
BRDA:43,3,0,1
BRDA:43,3,1,3
BRDA:57,4,0,1
BRDA:57,4,1,1
BRDA:85,5,0,0
BRDA:85,5,1,2
BRDA:122,6,0,0
BRDA:122,6,1,0
BRDA:122,7,0,0
BRDA:122,7,1,0
BRF:16
BRH:10
end_of_record
TN:
SF:app\controllers\user.controller.js
FN:7,(anonymous_0)
FN:11,(anonymous_1)
FN:15,(anonymous_2)
FN:19,(anonymous_3)
FN:23,(anonymous_4)
FNF:5
FNH:1
FNDA:0,(anonymous_0)
FNDA:0,(anonymous_1)
FNDA:0,(anonymous_2)
FNDA:0,(anonymous_3)
FNDA:3,(anonymous_4)
DA:1,4
DA:2,4
DA:3,4
DA:4,4
DA:7,4
DA:8,0
DA:11,4
DA:12,0
DA:15,4
DA:16,0
DA:19,4
DA:20,0
DA:23,4
DA:24,3
DA:25,3
DA:27,3
DA:44,2
DA:45,1
DA:47,1
DA:52,1
LF:20
LH:16
BRDA:44,0,0,1
BRDA:44,0,1,1
BRDA:53,1,0,1
BRDA:53,1,1,0
BRF:4
BRH:3
end_of_record
TN:
SF:app\middleware\authJwt.js
FN:10,(anonymous_0)
FN:18,(anonymous_1)
FN:25,(anonymous_2)
FN:34,(anonymous_3)
FN:35,(anonymous_4)
FN:36,(anonymous_5)
FN:52,(anonymous_6)
FN:53,(anonymous_7)
FN:54,(anonymous_8)
FN:69,(anonymous_9)
FN:70,(anonymous_10)
FN:71,(anonymous_11)
FNF:12
FNH:12
FNDA:2,(anonymous_0)
FNDA:4,(anonymous_1)
FNDA:3,(anonymous_2)
FNDA:2,(anonymous_3)
FNDA:2,(anonymous_4)
FNDA:2,(anonymous_5)
FNDA:2,(anonymous_6)
FNDA:2,(anonymous_7)
FNDA:2,(anonymous_8)
FNDA:3,(anonymous_9)
FNDA:3,(anonymous_10)
FNDA:3,(anonymous_11)
DA:1,5
DA:2,5
DA:3,5
DA:4,5
DA:7,5
DA:10,5
DA:11,2
DA:12,0
DA:15,2
DA:18,5
DA:19,4
DA:21,4
DA:22,1
DA:25,3
DA:26,3
DA:27,2
DA:29,1
DA:30,1
DA:34,5
DA:35,2
DA:36,2
DA:37,2
DA:38,2
DA:39,1
DA:40,1
DA:44,1
DA:47,1
DA:52,5
DA:53,2
DA:54,2
DA:55,2
DA:56,2
DA:57,1
DA:58,1
DA:62,1
DA:69,5
DA:70,3
DA:71,3
DA:72,3
DA:73,3
DA:74,1
DA:75,1
DA:78,2
DA:79,1
DA:80,1
DA:84,1
DA:91,5
DA:97,5
LF:48
LH:47
BRDA:11,0,0,0
BRDA:11,0,1,2
BRDA:21,1,0,1
BRDA:21,1,1,3
BRDA:26,2,0,2
BRDA:26,2,1,1
BRDA:38,3,0,1
BRDA:38,3,1,1
BRDA:56,4,0,1
BRDA:56,4,1,1
BRDA:73,5,0,1
BRDA:73,5,1,2
BRDA:78,6,0,1
BRDA:78,6,1,1
BRF:14
BRH:13
end_of_record
TN:
SF:app\middleware\index.js
FNF:0
FNH:0
DA:1,4
DA:2,4
DA:5,4
LF:3
LH:3
BRF:0
BRH:0
end_of_record
TN:
SF:app\middleware\verifySignUp.js
FN:5,(anonymous_0)
FN:39,(anonymous_1)
FNF:2
FNH:2
FNDA:5,(anonymous_0)
FNDA:1,(anonymous_1)
DA:1,4
DA:2,4
DA:3,4
DA:5,4
DA:6,5
DA:7,5
DA:13,5
DA:14,3
DA:19,2
DA:25,2
DA:26,1
DA:31,1
DA:33,0
DA:39,4
DA:40,1
DA:41,1
DA:42,1
DA:43,1
DA:44,1
DA:51,0
DA:53,0
DA:60,4
DA:65,4
LF:23
LH:20
BRDA:13,0,0,3
BRDA:13,0,1,2
BRDA:25,1,0,1
BRDA:25,1,1,1
BRDA:34,2,0,0
BRDA:34,2,1,0
BRDA:41,3,0,1
BRDA:41,3,1,0
BRDA:43,4,0,1
BRDA:43,4,1,0
BRDA:54,5,0,0
BRDA:54,5,1,0
BRF:12
BRH:6
end_of_record
TN:
SF:app\models\index.js
FNF:0
FNH:0
DA:1,5
DA:3,5
DA:4,5
DA:19,5
DA:21,5
DA:22,5
DA:24,5
DA:25,5
DA:26,5
DA:27,5
DA:28,5
DA:30,5
DA:36,5
DA:42,5
DA:47,5
DA:52,5
DA:57,5
DA:64,5
DA:68,5
DA:74,5
DA:76,5
LF:21
LH:21
BRF:0
BRH:0
end_of_record
TN:
SF:app\models\layanan.js
FN:1,(anonymous_0)
FNF:1
FNH:1
FNDA:5,(anonymous_0)
DA:1,5
DA:2,5
DA:26,5
LF:3
LH:3
BRF:0
BRH:0
end_of_record
TN:
SF:app\models\refreshToken.model.js
FN:4,(anonymous_0)
FN:14,(anonymous_1)
FN:30,(anonymous_2)
FNF:3
FNH:2
FNDA:5,(anonymous_0)
FNDA:1,(anonymous_1)
FNDA:0,(anonymous_2)
DA:1,5
DA:2,5
DA:4,5
DA:5,5
DA:14,5
DA:15,1
DA:17,1
DA:19,1
DA:21,1
DA:27,1
DA:30,5
DA:31,0
DA:34,5
LF:13
LH:12
BRF:0
BRH:0
end_of_record
TN:
SF:app\models\role.model.js
FN:1,(anonymous_0)
FNF:1
FNH:1
FNDA:5,(anonymous_0)
DA:1,5
DA:2,5
DA:12,5
LF:3
LH:3
BRF:0
BRH:0
end_of_record
TN:
SF:app\models\ulasan.js
FN:1,(anonymous_0)
FNF:1
FNH:1
FNDA:5,(anonymous_0)
DA:1,5
DA:2,5
DA:14,5
LF:3
LH:3
BRF:0
BRH:0
end_of_record
TN:
SF:app\models\user.model.js
FN:1,(anonymous_0)
FNF:1
FNH:1
FNDA:5,(anonymous_0)
DA:1,5
DA:2,5
DA:17,5
LF:3
LH:3
BRF:0
BRH:0
end_of_record
TN:
SF:app\routes\auth.routes.js
FN:4,(anonymous_0)
FN:5,(anonymous_1)
FNF:2
FNH:2
FNDA:4,(anonymous_0)
FNDA:32,(anonymous_1)
DA:1,4
DA:2,4
DA:4,4
DA:5,4
DA:6,32
DA:10,32
DA:13,4
DA:22,4
DA:23,4
LF:9
LH:9
BRF:0
BRH:0
end_of_record
TN:
SF:app\routes\layanan.router.js
FN:1,(anonymous_0)
FNF:1
FNH:1
FNDA:4,(anonymous_0)
DA:1,4
DA:2,4
DA:3,4
DA:4,4
DA:7,4
DA:10,4
DA:12,4
DA:14,4
DA:21,4
DA:23,4
DA:25,4
DA:27,4
DA:29,4
DA:33,4
LF:14
LH:14
BRF:0
BRH:0
end_of_record
TN:
SF:app\routes\user.routes.js
FN:4,(anonymous_0)
FN:5,(anonymous_1)
FNF:2
FNH:2
FNDA:4,(anonymous_0)
FNDA:23,(anonymous_1)
DA:1,4
DA:2,4
DA:4,4
DA:5,4
DA:6,23
DA:10,23
DA:13,4
DA:15,4
DA:21,4
DA:27,4
LF:10
LH:10
BRF:0
BRH:0
end_of_record
