TN:
SF:server.js
FN:59,(anonymous_0)
FNF:1
FNH:1
FNDA:1,(anonymous_0)
DA:1,4
DA:2,4
DA:4,4
DA:6,4
DA:10,4
DA:12,4
DA:14,4
DA:16,4
DA:17,4
DA:29,4
DA:52,4
DA:53,4
DA:54,4
DA:58,4
DA:59,4
DA:62,4
LF:16
LH:16
BRDA:58,0,0,4
BRDA:58,0,1,4
BRF:2
BRH:2
end_of_record
TN:
SF:app\config\auth.config.js
FNF:0
FNH:0
DA:1,5
LF:1
LH:1
BRF:0
BRH:0
end_of_record
TN:
SF:app\config\db.config.js
FNF:0
FNH:0
DA:1,5
LF:1
LH:1
BRF:0
BRH:0
end_of_record
TN:
SF:app\controllers\auth.controller.js
FN:11,(anonymous_0)
FN:38,(anonymous_1)
FN:69,(anonymous_2)
FN:85,(anonymous_3)
FNF:4
FNH:3
FNDA:2,(anonymous_0)
FNDA:4,(anonymous_1)
FNDA:1,(anonymous_2)
FNDA:0,(anonymous_3)
DA:1,4
DA:2,4
DA:3,4
DA:6,4
DA:8,4
DA:9,4
DA:11,4
DA:12,2
DA:13,2
DA:19,2
DA:20,1
DA:27,1
DA:29,1
DA:32,2
DA:34,0
DA:38,4
DA:39,4
DA:40,4
DA:46,4
DA:47,1
DA:50,3
DA:55,2
DA:56,1
DA:62,1
DA:66,1
DA:68,1
DA:69,1
DA:71,1
DA:80,1
DA:85,4
DA:86,0
DA:87,0
DA:89,0
DA:90,0
DA:93,0
DA:95,0
DA:96,0
DA:99,0
DA:100,0
DA:101,0
DA:106,0
DA:107,0
DA:111,0
DA:116,0
LF:44
LH:29
BRDA:19,0,0,1
BRDA:19,0,1,1
BRDA:46,1,0,1
BRDA:46,1,1,3
BRDA:55,2,0,1
BRDA:55,2,1,1
BRDA:89,3,0,0
BRDA:89,3,1,0
BRDA:95,4,0,0
BRDA:95,4,1,0
BRDA:99,5,0,0
BRDA:99,5,1,0
BRF:12
BRH:6
end_of_record
TN:
SF:app\controllers\controller.js
FN:9,(anonymous_0)
FN:36,(anonymous_1)
FN:60,(anonymous_2)
FN:62,(anonymous_3)
FN:92,(anonymous_4)
FN:118,(anonymous_5)
FN:152,(anonymous_6)
FNF:7
FNH:6
FNDA:3,(anonymous_0)
FNDA:2,(anonymous_1)
FNDA:12,(anonymous_2)
FNDA:18,(anonymous_3)
FNDA:3,(anonymous_4)
FNDA:3,(anonymous_5)
FNDA:0,(anonymous_6)
DA:1,4
DA:2,4
DA:3,4
DA:4,4
DA:6,4
DA:9,4
DA:10,3
DA:11,3
DA:12,2
DA:17,1
DA:26,1
DA:27,1
DA:29,0
DA:36,4
DA:37,2
DA:38,2
DA:39,2
DA:40,2
DA:41,2
DA:43,2
DA:47,2
DA:60,2
DA:61,12
DA:62,18
DA:63,12
DA:65,12
DA:71,2
DA:73,2
DA:79,0
DA:92,4
DA:93,3
DA:95,3
DA:96,3
DA:100,2
DA:101,1
DA:105,1
DA:110,1
DA:118,4
DA:119,3
DA:120,3
DA:122,3
DA:145,2
DA:146,1
DA:151,1
DA:152,1
DA:153,1
DA:155,1
DA:160,1
DA:162,1
LF:49
LH:47
BRDA:11,0,0,2
BRDA:11,0,1,1
BRDA:30,1,0,0
BRDA:30,1,1,0
BRDA:39,2,0,2
BRDA:39,2,1,2
BRDA:43,3,0,0
BRDA:43,3,1,2
BRDA:44,4,0,0
BRDA:44,4,1,2
BRDA:45,5,0,0
BRDA:45,5,1,2
BRDA:63,6,0,4
BRDA:63,6,1,8
BRDA:80,7,0,0
BRDA:80,7,1,0
BRDA:100,8,0,1
BRDA:100,8,1,1
BRDA:145,9,0,1
BRDA:145,9,1,1
BRDA:153,10,0,0
BRDA:153,10,1,1
BRDA:163,11,0,1
BRDA:163,11,1,0
BRF:24
BRH:15
end_of_record
TN:
SF:app\controllers\ulasan.js
FN:7,(anonymous_0)
FN:41,(anonymous_1)
FN:78,(anonymous_2)
FN:105,(anonymous_3)
FN:108,(anonymous_4)
FN:119,(anonymous_5)
FNF:6
FNH:3
FNDA:3,(anonymous_0)
FNDA:4,(anonymous_1)
FNDA:3,(anonymous_2)
FNDA:0,(anonymous_3)
FNDA:0,(anonymous_4)
FNDA:0,(anonymous_5)
DA:1,4
DA:2,4
DA:3,4
DA:4,4
DA:5,4
DA:7,4
DA:8,3
DA:9,3
DA:11,3
DA:12,1
DA:17,2
DA:19,2
DA:27,2
DA:29,2
DA:31,1
DA:33,1
DA:41,4
DA:42,4
DA:43,4
DA:45,4
DA:46,1
DA:51,3
DA:53,3
DA:54,3
DA:59,2
DA:60,1
DA:64,1
DA:69,1
DA:78,4
DA:79,3
DA:80,3
DA:82,3
DA:87,2
DA:88,1
DA:92,1
DA:97,1
DA:104,4
DA:106,0
DA:109,0
DA:116,4
DA:120,0
DA:121,0
DA:122,0
DA:124,0
DA:125,0
DA:127,0
LF:46
LH:38
BRDA:11,0,0,1
BRDA:11,0,1,2
BRDA:24,1,0,2
BRDA:24,1,1,2
BRDA:34,2,0,1
BRDA:34,2,1,0
BRDA:45,3,0,1
BRDA:45,3,1,3
BRDA:59,4,0,1
BRDA:59,4,1,1
BRDA:87,5,0,1
BRDA:87,5,1,1
BRDA:124,6,0,0
BRDA:124,6,1,0
BRDA:124,7,0,0
BRDA:124,7,1,0
BRF:16
BRH:11
end_of_record
TN:
SF:app\controllers\user.controller.js
FN:9,(anonymous_0)
FN:13,(anonymous_1)
FN:19,(anonymous_2)
FNF:3
FNH:1
FNDA:0,(anonymous_0)
FNDA:0,(anonymous_1)
FNDA:3,(anonymous_2)
DA:1,4
DA:2,4
DA:3,4
DA:4,4
DA:9,4
DA:10,0
DA:13,4
DA:14,0
DA:19,4
DA:20,3
DA:21,3
DA:23,3
DA:40,2
DA:41,1
DA:43,1
DA:48,1
LF:16
LH:14
BRDA:40,0,0,1
BRDA:40,0,1,1
BRDA:49,1,0,1
BRDA:49,1,1,0
BRF:4
BRH:3
end_of_record
TN:
SF:app\middleware\authJwt.js
FN:10,(anonymous_0)
FN:18,(anonymous_1)
FN:25,(anonymous_2)
FN:34,(anonymous_3)
FN:35,(anonymous_4)
FN:36,(anonymous_5)
FN:52,(anonymous_6)
FN:53,(anonymous_7)
FN:54,(anonymous_8)
FN:69,(anonymous_9)
FN:70,(anonymous_10)
FN:71,(anonymous_11)
FNF:12
FNH:12
FNDA:2,(anonymous_0)
FNDA:4,(anonymous_1)
FNDA:3,(anonymous_2)
FNDA:2,(anonymous_3)
FNDA:2,(anonymous_4)
FNDA:2,(anonymous_5)
FNDA:2,(anonymous_6)
FNDA:2,(anonymous_7)
FNDA:2,(anonymous_8)
FNDA:3,(anonymous_9)
FNDA:3,(anonymous_10)
FNDA:3,(anonymous_11)
DA:1,5
DA:2,5
DA:3,5
DA:4,5
DA:7,5
DA:10,5
DA:11,2
DA:12,0
DA:15,2
DA:18,5
DA:19,4
DA:21,4
DA:22,1
DA:25,3
DA:26,3
DA:27,2
DA:29,1
DA:30,1
DA:34,5
DA:35,2
DA:36,2
DA:37,2
DA:38,2
DA:39,1
DA:40,1
DA:44,1
DA:47,1
DA:52,5
DA:53,2
DA:54,2
DA:55,2
DA:56,2
DA:57,1
DA:58,1
DA:62,1
DA:69,5
DA:70,3
DA:71,3
DA:72,3
DA:73,3
DA:74,1
DA:75,1
DA:78,2
DA:79,1
DA:80,1
DA:84,1
DA:91,5
DA:97,5
LF:48
LH:47
BRDA:11,0,0,0
BRDA:11,0,1,2
BRDA:21,1,0,1
BRDA:21,1,1,3
BRDA:26,2,0,2
BRDA:26,2,1,1
BRDA:38,3,0,1
BRDA:38,3,1,1
BRDA:56,4,0,1
BRDA:56,4,1,1
BRDA:73,5,0,1
BRDA:73,5,1,2
BRDA:78,6,0,1
BRDA:78,6,1,1
BRF:14
BRH:13
end_of_record
TN:
SF:app\middleware\index.js
FNF:0
FNH:0
DA:1,4
DA:2,4
DA:5,4
LF:3
LH:3
BRF:0
BRH:0
end_of_record
TN:
SF:app\middleware\verifySignUp.js
FN:5,(anonymous_0)
FN:39,(anonymous_1)
FNF:2
FNH:2
FNDA:8,(anonymous_0)
FNDA:3,(anonymous_1)
DA:1,4
DA:2,4
DA:3,4
DA:5,4
DA:6,8
DA:7,8
DA:13,5
DA:14,1
DA:19,4
DA:25,4
DA:26,1
DA:31,3
DA:33,3
DA:39,4
DA:40,3
DA:41,3
DA:42,2
DA:43,2
DA:44,1
DA:51,2
DA:53,0
DA:60,4
DA:65,4
LF:23
LH:22
BRDA:13,0,0,1
BRDA:13,0,1,4
BRDA:25,1,0,1
BRDA:25,1,1,3
BRDA:34,2,0,3
BRDA:34,2,1,0
BRDA:41,3,0,2
BRDA:41,3,1,1
BRDA:43,4,0,1
BRDA:43,4,1,1
BRDA:54,5,0,0
BRDA:54,5,1,0
BRF:12
BRH:9
end_of_record
TN:
SF:app\models\index.js
FNF:0
FNH:0
DA:1,5
DA:3,5
DA:4,5
DA:19,5
DA:21,5
DA:22,5
DA:24,5
DA:25,5
DA:26,5
DA:27,5
DA:28,5
DA:30,5
DA:36,5
DA:42,5
DA:47,5
DA:52,5
DA:57,5
DA:64,5
DA:68,5
DA:74,5
DA:76,5
LF:21
LH:21
BRF:0
BRH:0
end_of_record
TN:
SF:app\models\layanan.js
FN:1,(anonymous_0)
FNF:1
FNH:1
FNDA:5,(anonymous_0)
DA:1,5
DA:2,5
DA:26,5
LF:3
LH:3
BRF:0
BRH:0
end_of_record
TN:
SF:app\models\refreshToken.model.js
FN:4,(anonymous_0)
FN:14,(anonymous_1)
FN:30,(anonymous_2)
FNF:3
FNH:2
FNDA:5,(anonymous_0)
FNDA:1,(anonymous_1)
FNDA:0,(anonymous_2)
DA:1,5
DA:2,5
DA:4,5
DA:5,5
DA:14,5
DA:15,1
DA:17,1
DA:19,1
DA:21,1
DA:27,1
DA:30,5
DA:31,0
DA:34,5
LF:13
LH:12
BRF:0
BRH:0
end_of_record
TN:
SF:app\models\role.model.js
FN:1,(anonymous_0)
FNF:1
FNH:1
FNDA:5,(anonymous_0)
DA:1,5
DA:2,5
DA:12,5
LF:3
LH:3
BRF:0
BRH:0
end_of_record
TN:
SF:app\models\ulasan.js
FN:1,(anonymous_0)
FNF:1
FNH:1
FNDA:5,(anonymous_0)
DA:1,5
DA:2,5
DA:14,5
LF:3
LH:3
BRF:0
BRH:0
end_of_record
TN:
SF:app\models\user.model.js
FN:1,(anonymous_0)
FNF:1
FNH:1
FNDA:5,(anonymous_0)
DA:1,5
DA:2,5
DA:14,5
LF:3
LH:3
BRF:0
BRH:0
end_of_record
TN:
SF:app\routes\auth.routes.js
FN:4,(anonymous_0)
FN:5,(anonymous_1)
FNF:2
FNH:2
FNDA:4,(anonymous_0)
FNDA:36,(anonymous_1)
DA:1,4
DA:2,4
DA:4,4
DA:5,4
DA:6,36
DA:10,36
DA:13,4
DA:22,4
DA:23,4
LF:9
LH:9
BRF:0
BRH:0
end_of_record
TN:
SF:app\routes\layanan.router.js
FN:1,(anonymous_0)
FNF:1
FNH:1
FNDA:4,(anonymous_0)
DA:1,4
DA:2,4
DA:3,4
DA:4,4
DA:7,4
DA:10,4
DA:12,4
DA:14,4
DA:21,4
DA:23,4
DA:25,4
DA:27,4
DA:29,4
DA:33,4
LF:14
LH:14
BRF:0
BRH:0
end_of_record
TN:
SF:app\routes\user.routes.js
FN:4,(anonymous_0)
FN:5,(anonymous_1)
FNF:2
FNH:2
FNDA:4,(anonymous_0)
FNDA:24,(anonymous_1)
DA:1,4
DA:2,4
DA:4,4
DA:5,4
DA:6,24
DA:10,24
DA:13,4
DA:19,4
LF:8
LH:8
BRF:0
BRH:0
end_of_record
